/home/nyasha/ros2_ws2/install/turtlesim_project/lib/python3.10/site-packages/turtlesim_project/turtle_spawner.py
/home/nyasha/ros2_ws2/install/turtlesim_project/lib/python3.10/site-packages/turtlesim_project/turtle_mover.py
/home/nyasha/ros2_ws2/install/turtlesim_project/lib/python3.10/site-packages/turtlesim_project/turtle_controller.py
/home/nyasha/ros2_ws2/install/turtlesim_project/lib/python3.10/site-packages/turtlesim_project/turtle_parameters.py
/home/nyasha/ros2_ws2/install/turtlesim_project/lib/python3.10/site-packages/turtlesim_project/__init__.py
/home/nyasha/ros2_ws2/install/turtlesim_project/lib/python3.10/site-packages/turtlesim_project/turtle_action_server.py
/home/nyasha/ros2_ws2/install/turtlesim_project/lib/python3.10/site-packages/turtlesim_project/__pycache__/turtle_spawner.cpython-310.pyc
/home/nyasha/ros2_ws2/install/turtlesim_project/lib/python3.10/site-packages/turtlesim_project/__pycache__/turtle_mover.cpython-310.pyc
/home/nyasha/ros2_ws2/install/turtlesim_project/lib/python3.10/site-packages/turtlesim_project/__pycache__/turtle_controller.cpython-310.pyc
/home/nyasha/ros2_ws2/install/turtlesim_project/lib/python3.10/site-packages/turtlesim_project/__pycache__/turtle_parameters.cpython-310.pyc
/home/nyasha/ros2_ws2/install/turtlesim_project/lib/python3.10/site-packages/turtlesim_project/__pycache__/__init__.cpython-310.pyc
/home/nyasha/ros2_ws2/install/turtlesim_project/lib/python3.10/site-packages/turtlesim_project/__pycache__/turtle_action_server.cpython-310.pyc
/home/nyasha/ros2_ws2/install/turtlesim_project/share/ament_index/resource_index/packages/turtlesim_project
/home/nyasha/ros2_ws2/install/turtlesim_project/share/turtlesim_project/package.xml
/home/nyasha/ros2_ws2/install/turtlesim_project/lib/python3.10/site-packages/turtlesim_project-0.0.0-py3.10.egg-info/requires.txt
/home/nyasha/ros2_ws2/install/turtlesim_project/lib/python3.10/site-packages/turtlesim_project-0.0.0-py3.10.egg-info/SOURCES.txt
/home/nyasha/ros2_ws2/install/turtlesim_project/lib/python3.10/site-packages/turtlesim_project-0.0.0-py3.10.egg-info/dependency_links.txt
/home/nyasha/ros2_ws2/install/turtlesim_project/lib/python3.10/site-packages/turtlesim_project-0.0.0-py3.10.egg-info/top_level.txt
/home/nyasha/ros2_ws2/install/turtlesim_project/lib/python3.10/site-packages/turtlesim_project-0.0.0-py3.10.egg-info/zip-safe
/home/nyasha/ros2_ws2/install/turtlesim_project/lib/python3.10/site-packages/turtlesim_project-0.0.0-py3.10.egg-info/entry_points.txt
/home/nyasha/ros2_ws2/install/turtlesim_project/lib/python3.10/site-packages/turtlesim_project-0.0.0-py3.10.egg-info/PKG-INFO
/home/nyasha/ros2_ws2/install/turtlesim_project/lib/turtlesim_project/turtle_action_server
/home/nyasha/ros2_ws2/install/turtlesim_project/lib/turtlesim_project/turtle_controller
/home/nyasha/ros2_ws2/install/turtlesim_project/lib/turtlesim_project/turtle_mover
/home/nyasha/ros2_ws2/install/turtlesim_project/lib/turtlesim_project/turtle_parameters
/home/nyasha/ros2_ws2/install/turtlesim_project/lib/turtlesim_project/turtle_spawner
