[1.189s] Invoking command in '/home/nyasha/ros2_ws2/src/turtlesim_project': PYTHONPATH=/home/nyasha/ros2_ws2/build/turtlesim_project/prefix_override:/home/nyasha/ros2_ws2/install/turtlesim_project/lib/python3.10/site-packages:${PYTHONPATH} /usr/bin/python3 -W ignore:setup.py install is deprecated setup.py egg_info --egg-base ../../build/turtlesim_project build --build-base /home/nyasha/ros2_ws2/build/turtlesim_project/build install --record /home/nyasha/ros2_ws2/build/turtlesim_project/install.log --single-version-externally-managed install_data
[1.670s] running egg_info
[1.671s] writing ../../build/turtlesim_project/turtlesim_project.egg-info/PKG-INFO
[1.671s] writing dependency_links to ../../build/turtlesim_project/turtlesim_project.egg-info/dependency_links.txt
[1.672s] writing entry points to ../../build/turtlesim_project/turtlesim_project.egg-info/entry_points.txt
[1.673s] writing requirements to ../../build/turtlesim_project/turtlesim_project.egg-info/requires.txt
[1.673s] writing top-level names to ../../build/turtlesim_project/turtlesim_project.egg-info/top_level.txt
[1.676s] reading manifest file '../../build/turtlesim_project/turtlesim_project.egg-info/SOURCES.txt'
[1.678s] writing manifest file '../../build/turtlesim_project/turtlesim_project.egg-info/SOURCES.txt'
[1.678s] running build
[1.678s] running build_py
[1.679s] copying turtlesim_project/turtle_action_server.py -> /home/nyasha/ros2_ws2/build/turtlesim_project/build/lib/turtlesim_project
[1.680s] running install
[1.681s] running install_lib
[1.685s] copying /home/nyasha/ros2_ws2/build/turtlesim_project/build/lib/turtlesim_project/turtle_action_server.py -> /home/nyasha/ros2_ws2/install/turtlesim_project/lib/python3.10/site-packages/turtlesim_project
[1.686s] byte-compiling /home/nyasha/ros2_ws2/install/turtlesim_project/lib/python3.10/site-packages/turtlesim_project/turtle_action_server.py to turtle_action_server.cpython-310.pyc
[1.687s] running install_data
[1.688s] copying package.xml -> /home/nyasha/ros2_ws2/install/turtlesim_project/share/turtlesim_project
[1.689s] running install_egg_info
[1.693s] removing '/home/nyasha/ros2_ws2/install/turtlesim_project/lib/python3.10/site-packages/turtlesim_project-0.0.0-py3.10.egg-info' (and everything under it)
[1.694s] Copying ../../build/turtlesim_project/turtlesim_project.egg-info to /home/nyasha/ros2_ws2/install/turtlesim_project/lib/python3.10/site-packages/turtlesim_project-0.0.0-py3.10.egg-info
[1.696s] running install_scripts
[1.762s] Installing turtle_action_server script to /home/nyasha/ros2_ws2/install/turtlesim_project/lib/turtlesim_project
[1.762s] Installing turtle_controller script to /home/nyasha/ros2_ws2/install/turtlesim_project/lib/turtlesim_project
[1.763s] Installing turtle_mover script to /home/nyasha/ros2_ws2/install/turtlesim_project/lib/turtlesim_project
[1.764s] Installing turtle_spawner script to /home/nyasha/ros2_ws2/install/turtlesim_project/lib/turtlesim_project
[1.765s] writing list of installed files to '/home/nyasha/ros2_ws2/build/turtlesim_project/install.log'
[1.811s] Invoked command in '/home/nyasha/ros2_ws2/src/turtlesim_project' returned '0': PYTHONPATH=/home/nyasha/ros2_ws2/build/turtlesim_project/prefix_override:/home/nyasha/ros2_ws2/install/turtlesim_project/lib/python3.10/site-packages:${PYTHONPATH} /usr/bin/python3 -W ignore:setup.py install is deprecated setup.py egg_info --egg-base ../../build/turtlesim_project build --build-base /home/nyasha/ros2_ws2/build/turtlesim_project/build install --record /home/nyasha/ros2_ws2/build/turtlesim_project/install.log --single-version-externally-managed install_data
