[0.339s] DEBUG:colcon:Command line arguments: ['/usr/bin/colcon', 'build']
[0.340s] DEBUG:colcon:Parsed command line arguments: Namespace(log_base=None, log_level=None, verb_name='build', build_base='build', install_base='install', merge_install=False, symlink_install=False, test_result_base=None, continue_on_error=False, executor='parallel', parallel_workers=4, event_handlers=None, ignore_user_meta=False, metas=['./colcon.meta'], base_paths=['.'], packages_ignore=None, packages_ignore_regex=None, paths=None, packages_up_to=None, packages_up_to_regex=None, packages_above=None, packages_above_and_dependencies=None, packages_above_depth=None, packages_select_by_dep=None, packages_skip_by_dep=None, packages_skip_up_to=None, packages_select_build_failed=False, packages_skip_build_finished=False, packages_select_test_failures=False, packages_skip_test_passed=False, packages_select=None, packages_skip=None, packages_select_regex=None, packages_skip_regex=None, packages_start=None, packages_end=None, allow_overriding=[], cmake_args=None, cmake_target=None, cmake_target_skip_unavailable=False, cmake_clean_cache=False, cmake_clean_first=False, cmake_force_configure=False, ament_cmake_args=None, catkin_cmake_args=None, catkin_skip_building_tests=False, verb_parser=<colcon_defaults.argument_parser.defaults.DefaultArgumentsDecorator object at 0x76a49a1f3c70>, verb_extension=<colcon_core.verb.build.BuildVerb object at 0x76a49a350820>, main=<bound method BuildVerb.main of <colcon_core.verb.build.BuildVerb object at 0x76a49a350820>>)
[0.812s] Level 1:colcon.colcon_core.package_discovery:discover_packages(colcon_meta) check parameters
[0.812s] Level 1:colcon.colcon_core.package_discovery:discover_packages(recursive) check parameters
[0.812s] Level 1:colcon.colcon_core.package_discovery:discover_packages(ignore) check parameters
[0.812s] Level 1:colcon.colcon_core.package_discovery:discover_packages(path) check parameters
[0.812s] Level 1:colcon.colcon_core.package_discovery:discover_packages(colcon_meta) discover
[0.813s] Level 1:colcon.colcon_core.package_discovery:discover_packages(recursive) discover
[0.813s] INFO:colcon.colcon_core.package_discovery:Crawling recursively for packages in '/home/nyasha/ros2_ws2'
[0.813s] Level 1:colcon.colcon_core.package_identification:_identify(.) by extensions ['ignore', 'ignore_ament_install']
[0.813s] Level 1:colcon.colcon_core.package_identification:_identify(.) by extension 'ignore'
[0.813s] Level 1:colcon.colcon_core.package_identification:_identify(.) by extension 'ignore_ament_install'
[0.813s] Level 1:colcon.colcon_core.package_identification:_identify(.) by extensions ['colcon_pkg']
[0.814s] Level 1:colcon.colcon_core.package_identification:_identify(.) by extension 'colcon_pkg'
[0.814s] Level 1:colcon.colcon_core.package_identification:_identify(.) by extensions ['colcon_meta']
[0.814s] Level 1:colcon.colcon_core.package_identification:_identify(.) by extension 'colcon_meta'
[0.814s] Level 1:colcon.colcon_core.package_identification:_identify(.) by extensions ['ros']
[0.814s] Level 1:colcon.colcon_core.package_identification:_identify(.) by extension 'ros'
[0.869s] Level 1:colcon.colcon_core.package_identification:_identify(.) by extensions ['cmake', 'python']
[0.869s] Level 1:colcon.colcon_core.package_identification:_identify(.) by extension 'cmake'
[0.870s] Level 1:colcon.colcon_core.package_identification:_identify(.) by extension 'python'
[0.870s] Level 1:colcon.colcon_core.package_identification:_identify(.) by extensions ['python_setup_py']
[0.870s] Level 1:colcon.colcon_core.package_identification:_identify(.) by extension 'python_setup_py'
[0.870s] Level 1:colcon.colcon_core.package_identification:_identify(build) by extensions ['ignore', 'ignore_ament_install']
[0.871s] Level 1:colcon.colcon_core.package_identification:_identify(build) by extension 'ignore'
[0.871s] Level 1:colcon.colcon_core.package_identification:_identify(build) ignored
[0.871s] Level 1:colcon.colcon_core.package_identification:_identify(install) by extensions ['ignore', 'ignore_ament_install']
[0.872s] Level 1:colcon.colcon_core.package_identification:_identify(install) by extension 'ignore'
[0.872s] Level 1:colcon.colcon_core.package_identification:_identify(install) ignored
[0.872s] Level 1:colcon.colcon_core.package_identification:_identify(log) by extensions ['ignore', 'ignore_ament_install']
[0.873s] Level 1:colcon.colcon_core.package_identification:_identify(log) by extension 'ignore'
[0.873s] Level 1:colcon.colcon_core.package_identification:_identify(log) ignored
[0.873s] Level 1:colcon.colcon_core.package_identification:_identify(src) by extensions ['ignore', 'ignore_ament_install']
[0.873s] Level 1:colcon.colcon_core.package_identification:_identify(src) by extension 'ignore'
[0.874s] Level 1:colcon.colcon_core.package_identification:_identify(src) by extension 'ignore_ament_install'
[0.874s] Level 1:colcon.colcon_core.package_identification:_identify(src) by extensions ['colcon_pkg']
[0.874s] Level 1:colcon.colcon_core.package_identification:_identify(src) by extension 'colcon_pkg'
[0.874s] Level 1:colcon.colcon_core.package_identification:_identify(src) by extensions ['colcon_meta']
[0.874s] Level 1:colcon.colcon_core.package_identification:_identify(src) by extension 'colcon_meta'
[0.874s] Level 1:colcon.colcon_core.package_identification:_identify(src) by extensions ['ros']
[0.874s] Level 1:colcon.colcon_core.package_identification:_identify(src) by extension 'ros'
[0.875s] Level 1:colcon.colcon_core.package_identification:_identify(src) by extensions ['cmake', 'python']
[0.875s] Level 1:colcon.colcon_core.package_identification:_identify(src) by extension 'cmake'
[0.875s] Level 1:colcon.colcon_core.package_identification:_identify(src) by extension 'python'
[0.875s] Level 1:colcon.colcon_core.package_identification:_identify(src) by extensions ['python_setup_py']
[0.875s] Level 1:colcon.colcon_core.package_identification:_identify(src) by extension 'python_setup_py'
[0.876s] Level 1:colcon.colcon_core.package_identification:_identify(src/turtlesim_project) by extensions ['ignore', 'ignore_ament_install']
[0.877s] Level 1:colcon.colcon_core.package_identification:_identify(src/turtlesim_project) by extension 'ignore'
[0.877s] Level 1:colcon.colcon_core.package_identification:_identify(src/turtlesim_project) by extension 'ignore_ament_install'
[0.878s] Level 1:colcon.colcon_core.package_identification:_identify(src/turtlesim_project) by extensions ['colcon_pkg']
[0.878s] Level 1:colcon.colcon_core.package_identification:_identify(src/turtlesim_project) by extension 'colcon_pkg'
[0.878s] Level 1:colcon.colcon_core.package_identification:_identify(src/turtlesim_project) by extensions ['colcon_meta']
[0.878s] Level 1:colcon.colcon_core.package_identification:_identify(src/turtlesim_project) by extension 'colcon_meta'
[0.879s] Level 1:colcon.colcon_core.package_identification:_identify(src/turtlesim_project) by extensions ['ros']
[0.879s] Level 1:colcon.colcon_core.package_identification:_identify(src/turtlesim_project) by extension 'ros'
[0.886s] DEBUG:colcon.colcon_core.package_identification:Package 'src/turtlesim_project' with type 'ros.ament_python' and name 'turtlesim_project'
[0.886s] Level 1:colcon.colcon_core.package_discovery:discover_packages(recursive) using defaults
[0.886s] Level 1:colcon.colcon_core.package_discovery:discover_packages(ignore) discover
[0.886s] Level 1:colcon.colcon_core.package_discovery:discover_packages(ignore) using defaults
[0.886s] Level 1:colcon.colcon_core.package_discovery:discover_packages(path) discover
[0.886s] Level 1:colcon.colcon_core.package_discovery:discover_packages(path) using defaults
[0.945s] Level 1:colcon.colcon_core.package_discovery:discover_packages(prefix_path) check parameters
[0.945s] Level 1:colcon.colcon_core.package_discovery:discover_packages(prefix_path) discover
[0.951s] DEBUG:colcon.colcon_installed_package_information.package_discovery:Found 1 installed packages in /home/nyasha/ros2_ws2/install
[0.952s] DEBUG:colcon.colcon_installed_package_information.package_discovery:Found 1 installed packages in /home/nyasha/ros2_workspace/install
[0.955s] DEBUG:colcon.colcon_installed_package_information.package_discovery:Found 270 installed packages in /opt/ros/humble
[0.960s] Level 1:colcon.colcon_core.package_discovery:discover_packages(prefix_path) using defaults
[1.093s] Level 5:colcon.colcon_core.verb:set package 'turtlesim_project' build argument 'cmake_args' from command line to 'None'
[1.093s] Level 5:colcon.colcon_core.verb:set package 'turtlesim_project' build argument 'cmake_target' from command line to 'None'
[1.094s] Level 5:colcon.colcon_core.verb:set package 'turtlesim_project' build argument 'cmake_target_skip_unavailable' from command line to 'False'
[1.094s] Level 5:colcon.colcon_core.verb:set package 'turtlesim_project' build argument 'cmake_clean_cache' from command line to 'False'
[1.094s] Level 5:colcon.colcon_core.verb:set package 'turtlesim_project' build argument 'cmake_clean_first' from command line to 'False'
[1.094s] Level 5:colcon.colcon_core.verb:set package 'turtlesim_project' build argument 'cmake_force_configure' from command line to 'False'
[1.094s] Level 5:colcon.colcon_core.verb:set package 'turtlesim_project' build argument 'ament_cmake_args' from command line to 'None'
[1.094s] Level 5:colcon.colcon_core.verb:set package 'turtlesim_project' build argument 'catkin_cmake_args' from command line to 'None'
[1.094s] Level 5:colcon.colcon_core.verb:set package 'turtlesim_project' build argument 'catkin_skip_building_tests' from command line to 'False'
[1.094s] DEBUG:colcon.colcon_core.verb:Building package 'turtlesim_project' with the following arguments: {'ament_cmake_args': None, 'build_base': '/home/nyasha/ros2_ws2/build/turtlesim_project', 'catkin_cmake_args': None, 'catkin_skip_building_tests': False, 'cmake_args': None, 'cmake_clean_cache': False, 'cmake_clean_first': False, 'cmake_force_configure': False, 'cmake_target': None, 'cmake_target_skip_unavailable': False, 'install_base': '/home/nyasha/ros2_ws2/install/turtlesim_project', 'merge_install': False, 'path': '/home/nyasha/ros2_ws2/src/turtlesim_project', 'symlink_install': False, 'test_result_base': None}
[1.094s] INFO:colcon.colcon_core.executor:Executing jobs using 'parallel' executor
[1.097s] DEBUG:colcon.colcon_parallel_executor.executor.parallel:run_until_complete
[1.098s] INFO:colcon.colcon_ros.task.ament_python.build:Building ROS package in '/home/nyasha/ros2_ws2/src/turtlesim_project' with build type 'ament_python'
[1.098s] Level 1:colcon.colcon_core.shell:create_environment_hook('turtlesim_project', 'ament_prefix_path')
[1.109s] INFO:colcon.colcon_core.plugin_system:Skipping extension 'colcon_core.shell.bat': Not used on non-Windows systems
[1.109s] INFO:colcon.colcon_core.shell:Creating environment hook '/home/nyasha/ros2_ws2/install/turtlesim_project/share/turtlesim_project/hook/ament_prefix_path.ps1'
[1.111s] INFO:colcon.colcon_core.shell:Creating environment descriptor '/home/nyasha/ros2_ws2/install/turtlesim_project/share/turtlesim_project/hook/ament_prefix_path.dsv'
[1.113s] INFO:colcon.colcon_core.shell:Creating environment hook '/home/nyasha/ros2_ws2/install/turtlesim_project/share/turtlesim_project/hook/ament_prefix_path.sh'
[1.116s] INFO:colcon.colcon_core.shell:Skip shell extension 'powershell' for command environment: Not usable outside of PowerShell
[1.117s] DEBUG:colcon.colcon_core.shell:Skip shell extension 'dsv' for command environment
[1.892s] INFO:colcon.colcon_core.task.python.build:Building Python package in '/home/nyasha/ros2_ws2/src/turtlesim_project'
[1.893s] INFO:colcon.colcon_core.shell:Skip shell extension 'powershell' for command environment: Not usable outside of PowerShell
[1.893s] DEBUG:colcon.colcon_core.shell:Skip shell extension 'dsv' for command environment
[2.999s] DEBUG:colcon.colcon_core.event_handler.log_command:Invoking command in '/home/nyasha/ros2_ws2/src/turtlesim_project': PYTHONPATH=/home/nyasha/ros2_ws2/build/turtlesim_project/prefix_override:/home/nyasha/ros2_ws2/install/turtlesim_project/lib/python3.10/site-packages:${PYTHONPATH} /usr/bin/python3 -W ignore:setup.py install is deprecated setup.py egg_info --egg-base ../../build/turtlesim_project build --build-base /home/nyasha/ros2_ws2/build/turtlesim_project/build install --record /home/nyasha/ros2_ws2/build/turtlesim_project/install.log --single-version-externally-managed install_data
[3.937s] DEBUG:colcon.colcon_core.event_handler.log_command:Invoked command in '/home/nyasha/ros2_ws2/src/turtlesim_project' returned '0': PYTHONPATH=/home/nyasha/ros2_ws2/build/turtlesim_project/prefix_override:/home/nyasha/ros2_ws2/install/turtlesim_project/lib/python3.10/site-packages:${PYTHONPATH} /usr/bin/python3 -W ignore:setup.py install is deprecated setup.py egg_info --egg-base ../../build/turtlesim_project build --build-base /home/nyasha/ros2_ws2/build/turtlesim_project/build install --record /home/nyasha/ros2_ws2/build/turtlesim_project/install.log --single-version-externally-managed install_data
[3.944s] Level 1:colcon.colcon_core.environment:checking '/home/nyasha/ros2_ws2/install/turtlesim_project' for CMake module files
[3.945s] Level 1:colcon.colcon_core.environment:checking '/home/nyasha/ros2_ws2/install/turtlesim_project' for CMake config files
[3.948s] Level 1:colcon.colcon_core.environment:checking '/home/nyasha/ros2_ws2/install/turtlesim_project/lib'
[3.948s] Level 1:colcon.colcon_core.environment:checking '/home/nyasha/ros2_ws2/install/turtlesim_project/bin'
[3.948s] Level 1:colcon.colcon_core.environment:checking '/home/nyasha/ros2_ws2/install/turtlesim_project/lib/pkgconfig/turtlesim_project.pc'
[3.949s] Level 1:colcon.colcon_core.environment:checking '/home/nyasha/ros2_ws2/install/turtlesim_project/lib/python3.10/site-packages'
[3.950s] Level 1:colcon.colcon_core.shell:create_environment_hook('turtlesim_project', 'pythonpath')
[3.950s] INFO:colcon.colcon_core.shell:Creating environment hook '/home/nyasha/ros2_ws2/install/turtlesim_project/share/turtlesim_project/hook/pythonpath.ps1'
[3.952s] INFO:colcon.colcon_core.shell:Creating environment descriptor '/home/nyasha/ros2_ws2/install/turtlesim_project/share/turtlesim_project/hook/pythonpath.dsv'
[3.954s] INFO:colcon.colcon_core.shell:Creating environment hook '/home/nyasha/ros2_ws2/install/turtlesim_project/share/turtlesim_project/hook/pythonpath.sh'
[3.956s] Level 1:colcon.colcon_core.environment:checking '/home/nyasha/ros2_ws2/install/turtlesim_project/bin'
[3.956s] Level 1:colcon.colcon_core.environment:create_environment_scripts_only(turtlesim_project)
[3.957s] INFO:colcon.colcon_core.shell:Creating package script '/home/nyasha/ros2_ws2/install/turtlesim_project/share/turtlesim_project/package.ps1'
[3.963s] INFO:colcon.colcon_core.shell:Creating package descriptor '/home/nyasha/ros2_ws2/install/turtlesim_project/share/turtlesim_project/package.dsv'
[3.965s] INFO:colcon.colcon_core.shell:Creating package script '/home/nyasha/ros2_ws2/install/turtlesim_project/share/turtlesim_project/package.sh'
[3.967s] INFO:colcon.colcon_core.shell:Creating package script '/home/nyasha/ros2_ws2/install/turtlesim_project/share/turtlesim_project/package.bash'
[3.970s] INFO:colcon.colcon_core.shell:Creating package script '/home/nyasha/ros2_ws2/install/turtlesim_project/share/turtlesim_project/package.zsh'
[3.972s] Level 1:colcon.colcon_core.environment:create_file_with_runtime_dependencies(/home/nyasha/ros2_ws2/install/turtlesim_project/share/colcon-core/packages/turtlesim_project)
[3.974s] DEBUG:colcon.colcon_parallel_executor.executor.parallel:closing loop
[3.975s] DEBUG:colcon.colcon_parallel_executor.executor.parallel:loop closed
[3.975s] DEBUG:colcon.colcon_parallel_executor.executor.parallel:run_until_complete finished with '0'
[3.975s] DEBUG:colcon.colcon_core.event_reactor:joining thread
[3.995s] INFO:colcon.colcon_core.plugin_system:Skipping extension 'colcon_notification.desktop_notification.terminal_notifier': Not used on non-Darwin systems
[3.995s] INFO:colcon.colcon_core.plugin_system:Skipping extension 'colcon_notification.desktop_notification.win32': Not used on non-Windows systems
[3.996s] INFO:colcon.colcon_notification.desktop_notification:Sending desktop notification using 'notify2'
[4.039s] DEBUG:colcon.colcon_core.event_reactor:joined thread
[4.039s] INFO:colcon.colcon_core.shell:Creating prefix script '/home/nyasha/ros2_ws2/install/local_setup.ps1'
[4.043s] INFO:colcon.colcon_core.shell:Creating prefix util module '/home/nyasha/ros2_ws2/install/_local_setup_util_ps1.py'
[4.047s] INFO:colcon.colcon_core.shell:Creating prefix chain script '/home/nyasha/ros2_ws2/install/setup.ps1'
[4.052s] INFO:colcon.colcon_core.shell:Creating prefix script '/home/nyasha/ros2_ws2/install/local_setup.sh'
[4.056s] INFO:colcon.colcon_core.shell:Creating prefix util module '/home/nyasha/ros2_ws2/install/_local_setup_util_sh.py'
[4.058s] INFO:colcon.colcon_core.shell:Creating prefix chain script '/home/nyasha/ros2_ws2/install/setup.sh'
[4.063s] INFO:colcon.colcon_core.shell:Creating prefix script '/home/nyasha/ros2_ws2/install/local_setup.bash'
[4.065s] INFO:colcon.colcon_core.shell:Creating prefix chain script '/home/nyasha/ros2_ws2/install/setup.bash'
[4.070s] INFO:colcon.colcon_core.shell:Creating prefix script '/home/nyasha/ros2_ws2/install/local_setup.zsh'
[4.072s] INFO:colcon.colcon_core.shell:Creating prefix chain script '/home/nyasha/ros2_ws2/install/setup.zsh'
