[0.982s] DEBUG:colcon:Command line arguments: ['/usr/bin/colcon', 'list', '-p', '--base-paths', '/home/nyasha/ros2_ws2']
[0.982s] DEBUG:colcon:Parsed command line arguments: Namespace(log_base=None, log_level=None, verb_name='list', build_base='build', ignore_user_meta=False, metas=['./colcon.meta'], base_paths=['/home/nyasha/ros2_ws2'], packages_ignore=None, packages_ignore_regex=None, paths=None, packages_up_to=None, packages_up_to_regex=None, packages_above=None, packages_above_and_dependencies=None, packages_above_depth=None, packages_select_by_dep=None, packages_skip_by_dep=None, packages_skip_up_to=None, packages_select_build_failed=False, packages_skip_build_finished=False, packages_select_test_failures=False, packages_skip_test_passed=False, packages_select=None, packages_skip=None, packages_select_regex=None, packages_skip_regex=None, packages_start=None, packages_end=None, allow_overriding=[], topological_order=False, names_only=False, paths_only=True, topological_graph=False, topological_graph_dot=False, topological_graph_density=False, topological_graph_legend=False, topological_graph_dot_cluster=False, topological_graph_dot_include_skipped=False, verb_parser=<colcon_defaults.argument_parser.defaults.DefaultArgumentsDecorator object at 0x74b492048a30>, verb_extension=<colcon_package_information.verb.list.ListVerb object at 0x74b492003a00>, main=<bound method ListVerb.main of <colcon_package_information.verb.list.ListVerb object at 0x74b492003a00>>)
[2.952s] Level 1:colcon.colcon_core.package_discovery:discover_packages(colcon_meta) check parameters
[2.952s] Level 1:colcon.colcon_core.package_discovery:discover_packages(recursive) check parameters
[2.952s] Level 1:colcon.colcon_core.package_discovery:discover_packages(ignore) check parameters
[2.953s] Level 1:colcon.colcon_core.package_discovery:discover_packages(path) check parameters
[2.953s] Level 1:colcon.colcon_core.package_discovery:discover_packages(recursive) discover
[2.953s] INFO:colcon.colcon_core.package_discovery:Crawling recursively for packages in '/home/nyasha/ros2_ws2'
[2.954s] Level 1:colcon.colcon_core.package_identification:_identify(/home/nyasha/ros2_ws2) by extensions ['ignore', 'ignore_ament_install']
[2.955s] Level 1:colcon.colcon_core.package_identification:_identify(/home/nyasha/ros2_ws2) by extension 'ignore'
[2.955s] Level 1:colcon.colcon_core.package_identification:_identify(/home/nyasha/ros2_ws2) by extension 'ignore_ament_install'
[2.955s] Level 1:colcon.colcon_core.package_identification:_identify(/home/nyasha/ros2_ws2) by extensions ['colcon_pkg']
[2.956s] Level 1:colcon.colcon_core.package_identification:_identify(/home/nyasha/ros2_ws2) by extension 'colcon_pkg'
[2.956s] Level 1:colcon.colcon_core.package_identification:_identify(/home/nyasha/ros2_ws2) by extensions ['colcon_meta']
[2.956s] Level 1:colcon.colcon_core.package_identification:_identify(/home/nyasha/ros2_ws2) by extension 'colcon_meta'
[2.956s] Level 1:colcon.colcon_core.package_identification:_identify(/home/nyasha/ros2_ws2) by extensions ['ros']
[2.956s] Level 1:colcon.colcon_core.package_identification:_identify(/home/nyasha/ros2_ws2) by extension 'ros'
[3.053s] Level 1:colcon.colcon_core.package_identification:_identify(/home/nyasha/ros2_ws2) by extensions ['cmake', 'python']
[3.054s] Level 1:colcon.colcon_core.package_identification:_identify(/home/nyasha/ros2_ws2) by extension 'cmake'
[3.054s] Level 1:colcon.colcon_core.package_identification:_identify(/home/nyasha/ros2_ws2) by extension 'python'
[3.055s] Level 1:colcon.colcon_core.package_identification:_identify(/home/nyasha/ros2_ws2) by extensions ['python_setup_py']
[3.055s] Level 1:colcon.colcon_core.package_identification:_identify(/home/nyasha/ros2_ws2) by extension 'python_setup_py'
[3.071s] Level 1:colcon.colcon_core.package_identification:_identify(/home/nyasha/ros2_ws2/build) by extensions ['ignore', 'ignore_ament_install']
[3.072s] Level 1:colcon.colcon_core.package_identification:_identify(/home/nyasha/ros2_ws2/build) by extension 'ignore'
[3.072s] Level 1:colcon.colcon_core.package_identification:_identify(/home/nyasha/ros2_ws2/build) ignored
[3.073s] Level 1:colcon.colcon_core.package_identification:_identify(/home/nyasha/ros2_ws2/install) by extensions ['ignore', 'ignore_ament_install']
[3.073s] Level 1:colcon.colcon_core.package_identification:_identify(/home/nyasha/ros2_ws2/install) by extension 'ignore'
[3.073s] Level 1:colcon.colcon_core.package_identification:_identify(/home/nyasha/ros2_ws2/install) ignored
[3.074s] Level 1:colcon.colcon_core.package_identification:_identify(/home/nyasha/ros2_ws2/log) by extensions ['ignore', 'ignore_ament_install']
[3.074s] Level 1:colcon.colcon_core.package_identification:_identify(/home/nyasha/ros2_ws2/log) by extension 'ignore'
[3.075s] Level 1:colcon.colcon_core.package_identification:_identify(/home/nyasha/ros2_ws2/log) ignored
[3.076s] Level 1:colcon.colcon_core.package_identification:_identify(/home/nyasha/ros2_ws2/src) by extensions ['ignore', 'ignore_ament_install']
[3.076s] Level 1:colcon.colcon_core.package_identification:_identify(/home/nyasha/ros2_ws2/src) by extension 'ignore'
[3.076s] Level 1:colcon.colcon_core.package_identification:_identify(/home/nyasha/ros2_ws2/src) by extension 'ignore_ament_install'
[3.076s] Level 1:colcon.colcon_core.package_identification:_identify(/home/nyasha/ros2_ws2/src) by extensions ['colcon_pkg']
[3.076s] Level 1:colcon.colcon_core.package_identification:_identify(/home/nyasha/ros2_ws2/src) by extension 'colcon_pkg'
[3.076s] Level 1:colcon.colcon_core.package_identification:_identify(/home/nyasha/ros2_ws2/src) by extensions ['colcon_meta']
[3.076s] Level 1:colcon.colcon_core.package_identification:_identify(/home/nyasha/ros2_ws2/src) by extension 'colcon_meta'
[3.077s] Level 1:colcon.colcon_core.package_identification:_identify(/home/nyasha/ros2_ws2/src) by extensions ['ros']
[3.077s] Level 1:colcon.colcon_core.package_identification:_identify(/home/nyasha/ros2_ws2/src) by extension 'ros'
[3.077s] Level 1:colcon.colcon_core.package_identification:_identify(/home/nyasha/ros2_ws2/src) by extensions ['cmake', 'python']
[3.077s] Level 1:colcon.colcon_core.package_identification:_identify(/home/nyasha/ros2_ws2/src) by extension 'cmake'
[3.078s] Level 1:colcon.colcon_core.package_identification:_identify(/home/nyasha/ros2_ws2/src) by extension 'python'
[3.078s] Level 1:colcon.colcon_core.package_identification:_identify(/home/nyasha/ros2_ws2/src) by extensions ['python_setup_py']
[3.078s] Level 1:colcon.colcon_core.package_identification:_identify(/home/nyasha/ros2_ws2/src) by extension 'python_setup_py'
[3.079s] Level 1:colcon.colcon_core.package_identification:_identify(/home/nyasha/ros2_ws2/src/turtlesim_project) by extensions ['ignore', 'ignore_ament_install']
[3.079s] Level 1:colcon.colcon_core.package_identification:_identify(/home/nyasha/ros2_ws2/src/turtlesim_project) by extension 'ignore'
[3.079s] Level 1:colcon.colcon_core.package_identification:_identify(/home/nyasha/ros2_ws2/src/turtlesim_project) by extension 'ignore_ament_install'
[3.079s] Level 1:colcon.colcon_core.package_identification:_identify(/home/nyasha/ros2_ws2/src/turtlesim_project) by extensions ['colcon_pkg']
[3.079s] Level 1:colcon.colcon_core.package_identification:_identify(/home/nyasha/ros2_ws2/src/turtlesim_project) by extension 'colcon_pkg'
[3.080s] Level 1:colcon.colcon_core.package_identification:_identify(/home/nyasha/ros2_ws2/src/turtlesim_project) by extensions ['colcon_meta']
[3.080s] Level 1:colcon.colcon_core.package_identification:_identify(/home/nyasha/ros2_ws2/src/turtlesim_project) by extension 'colcon_meta'
[3.080s] Level 1:colcon.colcon_core.package_identification:_identify(/home/nyasha/ros2_ws2/src/turtlesim_project) by extensions ['ros']
[3.080s] Level 1:colcon.colcon_core.package_identification:_identify(/home/nyasha/ros2_ws2/src/turtlesim_project) by extension 'ros'
[3.097s] DEBUG:colcon.colcon_core.package_identification:Package '/home/nyasha/ros2_ws2/src/turtlesim_project' with type 'ros.ament_python' and name 'turtlesim_project'
[3.098s] Level 1:colcon.colcon_core.package_identification:_identify(/home/nyasha/ros2_ws2/turtlesim_project) by extensions ['ignore', 'ignore_ament_install']
[3.098s] Level 1:colcon.colcon_core.package_identification:_identify(/home/nyasha/ros2_ws2/turtlesim_project) by extension 'ignore'
[3.098s] Level 1:colcon.colcon_core.package_identification:_identify(/home/nyasha/ros2_ws2/turtlesim_project) by extension 'ignore_ament_install'
[3.098s] Level 1:colcon.colcon_core.package_identification:_identify(/home/nyasha/ros2_ws2/turtlesim_project) by extensions ['colcon_pkg']
[3.098s] Level 1:colcon.colcon_core.package_identification:_identify(/home/nyasha/ros2_ws2/turtlesim_project) by extension 'colcon_pkg'
[3.099s] Level 1:colcon.colcon_core.package_identification:_identify(/home/nyasha/ros2_ws2/turtlesim_project) by extensions ['colcon_meta']
[3.099s] Level 1:colcon.colcon_core.package_identification:_identify(/home/nyasha/ros2_ws2/turtlesim_project) by extension 'colcon_meta'
[3.099s] Level 1:colcon.colcon_core.package_identification:_identify(/home/nyasha/ros2_ws2/turtlesim_project) by extensions ['ros']
[3.099s] Level 1:colcon.colcon_core.package_identification:_identify(/home/nyasha/ros2_ws2/turtlesim_project) by extension 'ros'
[3.101s] DEBUG:colcon.colcon_core.package_identification:Package '/home/nyasha/ros2_ws2/turtlesim_project' with type 'ros.ament_python' and name 'turtlesim_project'
[3.101s] Level 1:colcon.colcon_core.package_discovery:discover_packages(recursive) using defaults
