[0.882s] Invoking command in '/home/nyasha/ros2_ws2/src/turtlesim_project': PYTHONPATH=/home/nyasha/ros2_ws2/build/turtlesim_project/prefix_override:/home/nyasha/ros2_ws2/install/turtlesim_project/lib/python3.10/site-packages:${PYTHONPATH} /usr/bin/python3 -W ignore:setup.py install is deprecated setup.py egg_info --egg-base ../../build/turtlesim_project build --build-base /home/nyasha/ros2_ws2/build/turtlesim_project/build install --record /home/nyasha/ros2_ws2/build/turtlesim_project/install.log --single-version-externally-managed install_data
[1.218s] running egg_info
[1.220s] writing ../../build/turtlesim_project/turtlesim_project.egg-info/PKG-INFO
[1.222s] writing dependency_links to ../../build/turtlesim_project/turtlesim_project.egg-info/dependency_links.txt
[1.223s] writing entry points to ../../build/turtlesim_project/turtlesim_project.egg-info/entry_points.txt
[1.224s] writing requirements to ../../build/turtlesim_project/turtlesim_project.egg-info/requires.txt
[1.224s] writing top-level names to ../../build/turtlesim_project/turtlesim_project.egg-info/top_level.txt
[1.228s] reading manifest file '../../build/turtlesim_project/turtlesim_project.egg-info/SOURCES.txt'
[1.230s] writing manifest file '../../build/turtlesim_project/turtlesim_project.egg-info/SOURCES.txt'
[1.231s] running build
[1.231s] running build_py
[1.233s] running install
[1.234s] running install_lib
[1.239s] running install_data
[1.239s] copying package.xml -> /home/nyasha/ros2_ws2/install/turtlesim_project/share/turtlesim_project
[1.240s] running install_egg_info
[1.243s] removing '/home/nyasha/ros2_ws2/install/turtlesim_project/lib/python3.10/site-packages/turtlesim_project-0.0.0-py3.10.egg-info' (and everything under it)
[1.244s] Copying ../../build/turtlesim_project/turtlesim_project.egg-info to /home/nyasha/ros2_ws2/install/turtlesim_project/lib/python3.10/site-packages/turtlesim_project-0.0.0-py3.10.egg-info
[1.246s] running install_scripts
[1.271s] Installing turtle_action_server script to /home/nyasha/ros2_ws2/install/turtlesim_project/lib/turtlesim_project
[1.272s] Installing turtle_controller script to /home/nyasha/ros2_ws2/install/turtlesim_project/lib/turtlesim_project
[1.272s] Installing turtle_mover script to /home/nyasha/ros2_ws2/install/turtlesim_project/lib/turtlesim_project
[1.272s] Installing turtle_parameters script to /home/nyasha/ros2_ws2/install/turtlesim_project/lib/turtlesim_project
[1.273s] Installing turtle_spawner script to /home/nyasha/ros2_ws2/install/turtlesim_project/lib/turtlesim_project
[1.274s] writing list of installed files to '/home/nyasha/ros2_ws2/build/turtlesim_project/install.log'
[1.306s] Invoked command in '/home/nyasha/ros2_ws2/src/turtlesim_project' returned '0': PYTHONPATH=/home/nyasha/ros2_ws2/build/turtlesim_project/prefix_override:/home/nyasha/ros2_ws2/install/turtlesim_project/lib/python3.10/site-packages:${PYTHONPATH} /usr/bin/python3 -W ignore:setup.py install is deprecated setup.py egg_info --egg-base ../../build/turtlesim_project build --build-base /home/nyasha/ros2_ws2/build/turtlesim_project/build install --record /home/nyasha/ros2_ws2/build/turtlesim_project/install.log --single-version-externally-managed install_data
