running egg_info
writing ../../build/turtlesim_project/turtlesim_project.egg-info/PKG-INFO
writing dependency_links to ../../build/turtlesim_project/turtlesim_project.egg-info/dependency_links.txt
writing entry points to ../../build/turtlesim_project/turtlesim_project.egg-info/entry_points.txt
writing requirements to ../../build/turtlesim_project/turtlesim_project.egg-info/requires.txt
writing top-level names to ../../build/turtlesim_project/turtlesim_project.egg-info/top_level.txt
reading manifest file '../../build/turtlesim_project/turtlesim_project.egg-info/SOURCES.txt'
writing manifest file '../../build/turtlesim_project/turtlesim_project.egg-info/SOURCES.txt'
running build
running build_py
running install
running install_lib
running install_data
copying package.xml -> /home/nyasha/ros2_ws2/install/turtlesim_project/share/turtlesim_project
running install_egg_info
removing '/home/nyasha/ros2_ws2/install/turtlesim_project/lib/python3.10/site-packages/turtlesim_project-0.0.0-py3.10.egg-info' (and everything under it)
Copying ../../build/turtlesim_project/turtlesim_project.egg-info to /home/nyasha/ros2_ws2/install/turtlesim_project/lib/python3.10/site-packages/turtlesim_project-0.0.0-py3.10.egg-info
running install_scripts
Installing turtle_controller script to /home/nyasha/ros2_ws2/install/turtlesim_project/lib/turtlesim_project
writing list of installed files to '/home/nyasha/ros2_ws2/build/turtlesim_project/install.log'
